<?xml version="1.0" encoding="UTF-8"?>
<!-- Generated by org.testng.reporters.JUnitReportReporter -->
<testsuite skipped="0" hostname="DESKTOP-IVH825I" name="API_EndPoints.UserEndPoints" tests="3" failures="0" timestamp="2023-08-22T19:43:32 IST" time="67.225" errors="0">
  <testcase name="createUser" time="62.495" classname="API_EndPoints.UserEndPoints"/>
  <system-out/>
  <testcase name="getUser" time="2.498" classname="API_EndPoints.UserEndPoints"/>
  <system-out/>
  <testcase name="updateUser" time="2.232" classname="API_EndPoints.UserEndPoints"/>
  <system-out/>
</testsuite> <!-- API_EndPoints.UserEndPoints -->
