<?xml version="1.0" encoding="UTF-8"?>
<!-- Generated by org.testng.reporters.JUnitReportReporter -->
<testsuite skipped="0" hostname="DESKTOP-IVH825I" name="API_testcase.TestUser" tests="4" failures="0" timestamp="2023-08-23T11:34:14 IST" time="16.089" errors="0">
  <testcase name="testcreateUser" time="8.230" classname="API_testcase.TestUser"/>
  <system-out/>
  <testcase name="testGetUser" time="2.385" classname="API_testcase.TestUser"/>
  <system-out/>
  <testcase name="testputUser" time="3.828" classname="API_testcase.TestUser"/>
  <system-out/>
  <testcase name="testDeleteUser" time="1.646" classname="API_testcase.TestUser"/>
  <system-out/>
</testsuite> <!-- API_testcase.TestUser -->
